['input:0']
['Pad/paddings:0']
['Pad:0']
['0-convolutional/filter:0']
['0-convolutional:0']
['sub/y:0']
['sub:0']
['truediv/y:0']
['truediv:0']
['mul/y:0']
['mul:0']
['BiasAdd/bias:0']
['BiasAdd:0']
['mul_1/x:0']
['mul_1:0']
['1-leaky:0']
['2-maxpool:0']
['Pad_1/paddings:0']
['Pad_1:0']
['3-convolutional/filter:0']
['3-convolutional:0']
['sub_1/y:0']
['sub_1:0']
['truediv_1/y:0']
['truediv_1:0']
['mul_2/y:0']
['mul_2:0']
['BiasAdd_1/bias:0']
['BiasAdd_1:0']
['mul_3/x:0']
['mul_3:0']
['4-leaky:0']
['5-maxpool:0']
['Pad_2/paddings:0']
['Pad_2:0']
['6-convolutional/filter:0']
['6-convolutional:0']
['sub_2/y:0']
['sub_2:0']
['truediv_2/y:0']
['truediv_2:0']
['mul_4/y:0']
['mul_4:0']
['BiasAdd_2/bias:0']
['BiasAdd_2:0']
['mul_5/x:0']
['mul_5:0']
['7-leaky:0']
['Pad_3/paddings:0']
['Pad_3:0']
['8-convolutional/filter:0']
['8-convolutional:0']
['sub_3/y:0']
['sub_3:0']
['truediv_3/y:0']
['truediv_3:0']
['mul_6/y:0']
['mul_6:0']
['BiasAdd_3/bias:0']
['BiasAdd_3:0']
['mul_7/x:0']
['mul_7:0']
['9-leaky:0']
['Pad_4/paddings:0']
['Pad_4:0']
['10-convolutional/filter:0']
['10-convolutional:0']
['sub_4/y:0']
['sub_4:0']
['truediv_4/y:0']
['truediv_4:0']
['mul_8/y:0']
['mul_8:0']
['BiasAdd_4/bias:0']
['BiasAdd_4:0']
['mul_9/x:0']
['mul_9:0']
['11-leaky:0']
['12-maxpool:0']
['Pad_5/paddings:0']
['Pad_5:0']
['13-convolutional/filter:0']
['13-convolutional:0']
['sub_5/y:0']
['sub_5:0']
['truediv_5/y:0']
['truediv_5:0']
['mul_10/y:0']
['mul_10:0']
['BiasAdd_5/bias:0']
['BiasAdd_5:0']
['mul_11/x:0']
['mul_11:0']
['14-leaky:0']
['Pad_6/paddings:0']
['Pad_6:0']
['15-convolutional/filter:0']
['15-convolutional:0']
['sub_6/y:0']
['sub_6:0']
['truediv_6/y:0']
['truediv_6:0']
['mul_12/y:0']
['mul_12:0']
['BiasAdd_6/bias:0']
['BiasAdd_6:0']
['mul_13/x:0']
['mul_13:0']
['16-leaky:0']
['Pad_7/paddings:0']
['Pad_7:0']
['17-convolutional/filter:0']
['17-convolutional:0']
['sub_7/y:0']
['sub_7:0']
['truediv_7/y:0']
['truediv_7:0']
['mul_14/y:0']
['mul_14:0']
['BiasAdd_7/bias:0']
['BiasAdd_7:0']
['mul_15/x:0']
['mul_15:0']
['18-leaky:0']
['19-maxpool:0']
['Pad_8/paddings:0']
['Pad_8:0']
['20-convolutional/filter:0']
['20-convolutional:0']
['sub_8/y:0']
['sub_8:0']
['truediv_8/y:0']
['truediv_8:0']
['mul_16/y:0']
['mul_16:0']
['BiasAdd_8/bias:0']
['BiasAdd_8:0']
['mul_17/x:0']
['mul_17:0']
['21-leaky:0']
['Pad_9/paddings:0']
['Pad_9:0']
['22-convolutional/filter:0']
['22-convolutional:0']
['sub_9/y:0']
['sub_9:0']
['truediv_9/y:0']
['truediv_9:0']
['mul_18/y:0']
['mul_18:0']
['BiasAdd_9/bias:0']
['BiasAdd_9:0']
['mul_19/x:0']
['mul_19:0']
['23-leaky:0']
['Pad_10/paddings:0']
['Pad_10:0']
['24-convolutional/filter:0']
['24-convolutional:0']
['sub_10/y:0']
['sub_10:0']
['truediv_10/y:0']
['truediv_10:0']
['mul_20/y:0']
['mul_20:0']
['BiasAdd_10/bias:0']
['BiasAdd_10:0']
['mul_21/x:0']
['mul_21:0']
['25-leaky:0']
['Pad_11/paddings:0']
['Pad_11:0']
['26-convolutional/filter:0']
['26-convolutional:0']
['sub_11/y:0']
['sub_11:0']
['truediv_11/y:0']
['truediv_11:0']
['mul_22/y:0']
['mul_22:0']
['BiasAdd_11/bias:0']
['BiasAdd_11:0']
['mul_23/x:0']
['mul_23:0']
['27-leaky:0']
['Pad_12/paddings:0']
['Pad_12:0']
['28-convolutional/filter:0']
['28-convolutional:0']
['sub_12/y:0']
['sub_12:0']
['truediv_12/y:0']
['truediv_12:0']
['mul_24/y:0']
['mul_24:0']
['BiasAdd_12/bias:0']
['BiasAdd_12:0']
['mul_25/x:0']
['mul_25:0']
['29-leaky:0']
['30-maxpool:0']
['Pad_13/paddings:0']
['Pad_13:0']
['31-convolutional/filter:0']
['31-convolutional:0']
['sub_13/y:0']
['sub_13:0']
['truediv_13/y:0']
['truediv_13:0']
['mul_26/y:0']
['mul_26:0']
['BiasAdd_13/bias:0']
['BiasAdd_13:0']
['mul_27/x:0']
['mul_27:0']
['32-leaky:0']
['Pad_14/paddings:0']
['Pad_14:0']
['33-convolutional/filter:0']
['33-convolutional:0']
['sub_14/y:0']
['sub_14:0']
['truediv_14/y:0']
['truediv_14:0']
['mul_28/y:0']
['mul_28:0']
['BiasAdd_14/bias:0']
['BiasAdd_14:0']
['mul_29/x:0']
['mul_29:0']
['34-leaky:0']
['Pad_15/paddings:0']
['Pad_15:0']
['35-convolutional/filter:0']
['35-convolutional:0']
['sub_15/y:0']
['sub_15:0']
['truediv_15/y:0']
['truediv_15:0']
['mul_30/y:0']
['mul_30:0']
['BiasAdd_15/bias:0']
['BiasAdd_15:0']
['mul_31/x:0']
['mul_31:0']
['36-leaky:0']
['Pad_16/paddings:0']
['Pad_16:0']
['37-convolutional/filter:0']
['37-convolutional:0']
['sub_16/y:0']
['sub_16:0']
['truediv_16/y:0']
['truediv_16:0']
['mul_32/y:0']
['mul_32:0']
['BiasAdd_16/bias:0']
['BiasAdd_16:0']
['mul_33/x:0']
['mul_33:0']
['38-leaky:0']
['Pad_17/paddings:0']
['Pad_17:0']
['39-convolutional/filter:0']
['39-convolutional:0']
['sub_17/y:0']
['sub_17:0']
['truediv_17/y:0']
['truediv_17:0']
['mul_34/y:0']
['mul_34:0']
['BiasAdd_17/bias:0']
['BiasAdd_17:0']
['mul_35/x:0']
['mul_35:0']
['40-leaky:0']
['Pad_18/paddings:0']
['Pad_18:0']
['41-convolutional/filter:0']
['41-convolutional:0']
['sub_18/y:0']
['sub_18:0']
['truediv_18/y:0']
['truediv_18:0']
['mul_36/y:0']
['mul_36:0']
['BiasAdd_18/bias:0']
['BiasAdd_18:0']
['mul_37/x:0']
['mul_37:0']
['42-leaky:0']
['Pad_19/paddings:0']
['Pad_19:0']
['43-convolutional/filter:0']
['43-convolutional:0']
['sub_19/y:0']
['sub_19:0']
['truediv_19/y:0']
['truediv_19:0']
['mul_38/y:0']
['mul_38:0']
['BiasAdd_19/bias:0']
['BiasAdd_19:0']
['mul_39/x:0']
['mul_39:0']
['44-leaky:0']
['concat/concat_dim:0']
['concat:0']
['Pad_20/paddings:0']
['Pad_20:0']
['46-convolutional/filter:0']
['46-convolutional:0']
['sub_20/y:0']
['sub_20:0']
['truediv_20/y:0']
['truediv_20:0']
['mul_40/y:0']
['mul_40:0']
['BiasAdd_20/bias:0']
['BiasAdd_20:0']
['mul_41/x:0']
['mul_41:0']
['47-leaky:0']
['ExtractImagePatches:0']
['concat_1/axis:0']
['concat_1:0']
['Pad_21/paddings:0']
['Pad_21:0']
['50-convolutional/filter:0']
['50-convolutional:0']
['sub_21/y:0']
['sub_21:0']
['truediv_21/y:0']
['truediv_21:0']
['mul_42/y:0']
['mul_42:0']
['BiasAdd_21/bias:0']
['BiasAdd_21:0']
['mul_43/x:0']
['mul_43:0']
['51-leaky:0']
['Pad_22/paddings:0']
['Pad_22:0']
['52-convolutional/filter:0']
['52-convolutional:0']
['BiasAdd_22/bias:0']
['BiasAdd_22:0']
['output:0']
[]
